#
# There is insufficient memory for the Java Runtime Environment to continue.
# Native memory allocation (mmap) failed to map 134217728 bytes for G1 virtual space
# Possible reasons:
#   The system is out of physical RAM or swap space
#   The process is running with CompressedOops enabled, and the Java Heap may be blocking the growth of the native heap
# Possible solutions:
#   Reduce memory load on the system
#   Increase physical memory or swap space
#   Check if swap backing store is full
#   Decrease Java heap size (-Xmx/-Xms)
#   Decrease number of Java threads
#   Decrease Java thread stack sizes (-Xss)
#   Set larger code cache with -XX:ReservedCodeCacheSize=
#   JVM is running with Unscaled Compressed Oops mode in which the Java heap is
#     placed in the first 4GB address space. The Java Heap base address is the
#     maximum limit for the native heap growth. Please use -XX:HeapBaseMinAddress
#     to set the Java Heap base and to place the Java Heap above 4GB virtual address.
# This output file may be truncated or incomplete.
#
#  Out of Memory Error (os_windows.cpp:3600), pid=10944, tid=12936
#
# JRE version:  (21.0.2+13) (build )
# Java VM: OpenJDK 64-Bit Server VM (21.0.2+13-58, mixed mode, sharing, tiered, compressed oops, compressed class ptrs, g1 gc, windows-amd64)
# No core dump will be written. Minidumps are not enabled by default on client versions of Windows
#

---------------  S U M M A R Y ------------

Command Line: -javaagent:C:\Program Files\JetBrains\IntelliJ IDEA Community Edition 2023.3.4\lib\idea_rt.jar=50715:C:\Program Files\JetBrains\IntelliJ IDEA Community Edition 2023.3.4\bin -Dfile.encoding=UTF-8 -Dsun.stdout.encoding=UTF-8 -Dsun.stderr.encoding=UTF-8 openBootcamp.mainBootcamp

Host: Intel(R) Core(TM) i3-5005U CPU @ 2.00GHz, 4 cores, 7G,  Windows 10 , 64 bit Build 19041 (10.0.19041.3636)
Time: Sat Mar 16 20:47:23 2024 Hora est. Pacífico, Sudamérica elapsed time: 0.047265 seconds (0d 0h 0m 0s)

---------------  T H R E A D  ---------------

Current thread (0x00000284e3958130):  JavaThread "Unknown thread" [_thread_in_vm, id=12936, stack(0x000000fccd400000,0x000000fccd500000) (1024K)]

Stack: [0x000000fccd400000,0x000000fccd500000]
Native frames: (J=compiled Java code, j=interpreted, Vv=VM code, C=native code)
V  [jvm.dll+0x6cade9]
V  [jvm.dll+0x8569c1]
V  [jvm.dll+0x858d2e]
V  [jvm.dll+0x859413]
V  [jvm.dll+0x280e56]
V  [jvm.dll+0x6c74d5]
V  [jvm.dll+0x6bbeca]
V  [jvm.dll+0x355bca]
V  [jvm.dll+0x35d816]
V  [jvm.dll+0x3ae67e]
V  [jvm.dll+0x3ae928]
V  [jvm.dll+0x3295dc]
V  [jvm.dll+0x32a16b]
V  [jvm.dll+0x81efa9]
V  [jvm.dll+0x3bba01]
V  [jvm.dll+0x807928]
V  [jvm.dll+0x44f50e]
V  [jvm.dll+0x450e11]
C  [jli.dll+0x52a3]
C  [ucrtbase.dll+0x21bb2]
C  [KERNEL32.DLL+0x17344]
C  [ntdll.dll+0x526b1]


---------------  P R O C E S S  ---------------

Threads class SMR info:
_java_thread_list=0x00007fff8379bb88, length=0, elements={
}

Java Threads: ( => current thread )
Total: 0

Other Threads:
  0x00000284e39b0620 WorkerThread "GC Thread#0"                     [id=7312, stack(0x000000fccd500000,0x000000fccd600000) (1024K)]
  0x00000284e39c1530 ConcurrentGCThread "G1 Main Marker"            [id=9544, stack(0x000000fccd600000,0x000000fccd700000) (1024K)]
  0x00000284e39c27d0 WorkerThread "G1 Conc#0"                       [id=9332, stack(0x000000fccd700000,0x000000fccd800000) (1024K)]

[error occurred during error reporting (printing all threads), id 0xc0000005, EXCEPTION_ACCESS_VIOLATION (0xc0000005) at pc=0x00007fff82f0c6a7]
VM state: not at safepoint (not fully initialized)

VM Mutex/Monitor currently owned by a thread:  ([mutex/lock_event])
[0x00007fff8380ce68] Heap_lock - owner thread: 0x00000284e3958130

Heap address: 0x0000000081400000, size: 2028 MB, Compressed Oops mode: 32-bit

CDS archive(s) mapped at: [0x0000000000000000-0x0000000000000000-0x0000000000000000), size 0, SharedBaseAddress: 0x0000000800000000, ArchiveRelocationMode: 1.
Narrow klass base: 0x0000000000000000, Narrow klass shift: 0, Narrow klass range: 0x0

GC Precious Log:
 CardTable entry size: 512
 Card Set container configuration: InlinePtr #cards 5 size 8 Array Of Cards #cards 12 size 40 Howl #buckets 4 coarsen threshold 1843 Howl Bitmap #cards 512 size 80 coarsen threshold 460 Card regions per heap region 1 cards per card region 2048

Heap:
 garbage-first heap   total 0K, used 0K [0x0000000081400000, 0x0000000100000000)
  region size 1024K, 0 young (0K), 0 survivors (0K)

[error occurred during error reporting (printing heap information), id 0xc0000005, EXCEPTION_ACCESS_VIOLATION (0xc0000005) at pc=0x00007fff832f39f9]
GC Heap History (0 events):
No events

Dll operation events (1 events):
Event: 0.016 Loaded shared library C:\Users\corpa\Downloads\Programs\openjdk-21.0.2_windows-x64_bin\jdk-21.0.2\bin\java.dll

Deoptimization events (0 events):
No events

Classes loaded (0 events):
No events

Classes unloaded (0 events):
No events

Classes redefined (0 events):
No events

Internal exceptions (0 events):
No events

ZGC Phase Switch (0 events):
No events

VM Operations (0 events):
No events

Events (0 events):
No events


Dynamic libraries:
0x00007ff74e7a0000 - 0x00007ff74e7ae000 	C:\Users\corpa\Downloads\Programs\openjdk-21.0.2_windows-x64_bin\jdk-21.0.2\bin\java.exe
0x00007fffb6c10000 - 0x00007fffb6e08000 	C:\Windows\SYSTEM32\ntdll.dll
0x00007fffb64a0000 - 0x00007fffb655d000 	C:\Windows\System32\KERNEL32.DLL
0x00007fffb4540000 - 0x00007fffb4836000 	C:\Windows\System32\KERNELBASE.dll
0x00007fffb42f0000 - 0x00007fffb43f0000 	C:\Windows\System32\ucrtbase.dll
0x00007fffb1a90000 - 0x00007fffb1aab000 	C:\Users\corpa\Downloads\Programs\openjdk-21.0.2_windows-x64_bin\jdk-21.0.2\bin\VCRUNTIME140.dll
0x00007fffad200000 - 0x00007fffad218000 	C:\Users\corpa\Downloads\Programs\openjdk-21.0.2_windows-x64_bin\jdk-21.0.2\bin\jli.dll
0x00007fffb6750000 - 0x00007fffb68ef000 	C:\Windows\System32\USER32.dll
0x00007fffb42c0000 - 0x00007fffb42e2000 	C:\Windows\System32\win32u.dll
0x00007fffa2080000 - 0x00007fffa231a000 	C:\Windows\WinSxS\amd64_microsoft.windows.common-controls_6595b64144ccf1df_6.0.19041.3636_none_60b6a03d71f818d5\COMCTL32.dll
0x00007fffb4c50000 - 0x00007fffb4c7b000 	C:\Windows\System32\GDI32.dll
0x00007fffb4d80000 - 0x00007fffb4e1e000 	C:\Windows\System32\msvcrt.dll
0x00007fffb4420000 - 0x00007fffb4537000 	C:\Windows\System32\gdi32full.dll
0x00007fffb4a30000 - 0x00007fffb4acd000 	C:\Windows\System32\msvcp_win.dll
0x00007fffb54f0000 - 0x00007fffb5522000 	C:\Windows\System32\IMM32.DLL
0x00007fffad1f0000 - 0x00007fffad1fc000 	C:\Users\corpa\Downloads\Programs\openjdk-21.0.2_windows-x64_bin\jdk-21.0.2\bin\vcruntime140_1.dll
0x00007fffab280000 - 0x00007fffab30e000 	C:\Users\corpa\Downloads\Programs\openjdk-21.0.2_windows-x64_bin\jdk-21.0.2\bin\msvcp140.dll
0x00007fff82bd0000 - 0x00007fff838e7000 	C:\Users\corpa\Downloads\Programs\openjdk-21.0.2_windows-x64_bin\jdk-21.0.2\bin\server\jvm.dll
0x00007fffb5e60000 - 0x00007fffb5f10000 	C:\Windows\System32\ADVAPI32.dll
0x00007fffb4ce0000 - 0x00007fffb4d80000 	C:\Windows\System32\sechost.dll
0x00007fffb6aa0000 - 0x00007fffb6bc5000 	C:\Windows\System32\RPCRT4.dll
0x00007fffb43f0000 - 0x00007fffb4417000 	C:\Windows\System32\bcrypt.dll
0x00007fffb5df0000 - 0x00007fffb5e5b000 	C:\Windows\System32\WS2_32.dll
0x00007fffb37f0000 - 0x00007fffb383b000 	C:\Windows\SYSTEM32\POWRPROF.dll
0x00007fff9eb60000 - 0x00007fff9eb87000 	C:\Windows\SYSTEM32\WINMM.dll
0x00007fffa6980000 - 0x00007fffa698a000 	C:\Windows\SYSTEM32\VERSION.dll
0x00007fffb36b0000 - 0x00007fffb36c2000 	C:\Windows\SYSTEM32\UMPDC.dll
0x00007fffb2130000 - 0x00007fffb2142000 	C:\Windows\SYSTEM32\kernel.appcore.dll
0x00007fffad130000 - 0x00007fffad13a000 	C:\Users\corpa\Downloads\Programs\openjdk-21.0.2_windows-x64_bin\jdk-21.0.2\bin\jimage.dll
0x00007fffa3f70000 - 0x00007fffa4154000 	C:\Windows\SYSTEM32\DBGHELP.DLL
0x00007fffa3f30000 - 0x00007fffa3f64000 	C:\Windows\SYSTEM32\dbgcore.DLL
0x00007fffb4840000 - 0x00007fffb48c2000 	C:\Windows\System32\bcryptPrimitives.dll
0x00007fffab270000 - 0x00007fffab27f000 	C:\Users\corpa\Downloads\Programs\openjdk-21.0.2_windows-x64_bin\jdk-21.0.2\bin\instrument.dll
0x00007fffad110000 - 0x00007fffad12f000 	C:\Users\corpa\Downloads\Programs\openjdk-21.0.2_windows-x64_bin\jdk-21.0.2\bin\java.dll

dbghelp: loaded successfully - version: 4.0.5 - missing functions: none
symbol engine: initialized successfully - sym options: 0x614 - pdb path: .;C:\Users\corpa\Downloads\Programs\openjdk-21.0.2_windows-x64_bin\jdk-21.0.2\bin;C:\Windows\SYSTEM32;C:\Windows\WinSxS\amd64_microsoft.windows.common-controls_6595b64144ccf1df_6.0.19041.3636_none_60b6a03d71f818d5;C:\Users\corpa\Downloads\Programs\openjdk-21.0.2_windows-x64_bin\jdk-21.0.2\bin\server

VM Arguments:
jvm_args: -javaagent:C:\Program Files\JetBrains\IntelliJ IDEA Community Edition 2023.3.4\lib\idea_rt.jar=50715:C:\Program Files\JetBrains\IntelliJ IDEA Community Edition 2023.3.4\bin -Dfile.encoding=UTF-8 -Dsun.stdout.encoding=UTF-8 -Dsun.stderr.encoding=UTF-8 
java_command: openBootcamp.mainBootcamp
java_class_path (initial): C:\Users\corpa\IdeaProjects\openBootcamp\out\production\openBootcamp
Launcher Type: SUN_STANDARD

[Global flags]
     intx CICompilerCount                          = 3                                         {product} {ergonomic}
     uint ConcGCThreads                            = 1                                         {product} {ergonomic}
     uint G1ConcRefinementThreads                  = 4                                         {product} {ergonomic}
   size_t G1HeapRegionSize                         = 1048576                                   {product} {ergonomic}
    uintx GCDrainStackTargetSize                   = 64                                        {product} {ergonomic}
   size_t InitialHeapSize                          = 134217728                                 {product} {ergonomic}
   size_t MarkStackSize                            = 4194304                                   {product} {ergonomic}
   size_t MaxHeapSize                              = 2126512128                                {product} {ergonomic}
   size_t MinHeapDeltaBytes                        = 1048576                                   {product} {ergonomic}
   size_t MinHeapSize                              = 8388608                                   {product} {ergonomic}
    uintx NonNMethodCodeHeapSize                   = 5832780                                {pd product} {ergonomic}
    uintx NonProfiledCodeHeapSize                  = 122912730                              {pd product} {ergonomic}
    uintx ProfiledCodeHeapSize                     = 122912730                              {pd product} {ergonomic}
    uintx ReservedCodeCacheSize                    = 251658240                              {pd product} {ergonomic}
     bool SegmentedCodeCache                       = true                                      {product} {ergonomic}
   size_t SoftMaxHeapSize                          = 2126512128                             {manageable} {ergonomic}
     bool UseCompressedOops                        = true                           {product lp64_product} {ergonomic}
     bool UseG1GC                                  = true                                      {product} {ergonomic}
     bool UseLargePagesIndividualAllocation        = false                                  {pd product} {ergonomic}

Logging:
Log output configuration:
 #0: stdout all=warning uptime,level,tags foldmultilines=false
 #1: stderr all=off uptime,level,tags foldmultilines=false

Environment Variables:
JAVA_HOME=C:\Users\corpa\Downloads\Programs\openjdk-21.0.2_windows-x64_bin\jdk-21.0.2
PATH=C:\Python311\Scripts\;C:\Python311\;C:\Program Files\Common Files\Oracle\Java\javapath;C:\Windows\system32;C:\Windows;C:\Windows\System32\Wbem;C:\Windows\System32\WindowsPowerShell\v1.0\;C:\Windows\System32\OpenSSH\;C:\ProgramData\chocolatey\bin;C:\Program Files\nodejs\;C:\Program Files\Git\cmd;C:\Users\corpa\AppData\Local\Microsoft\WindowsApps;C:\Users\corpa\AppData\Local\Programs\Microsoft VS Code\bin;C:\Users\corpa\AppData\Roaming\npm;C:\Users\corpa\AppData\Roaming\Composer\vendor\bin;C:\Users\corpa\Downloads\Programs\openjdk-21.0.2_windows-x64_bin\jdk-21.0.2\bin;C:\Users\corpa\Downloads\Programs\openjdk-21.0.2_windows-x64_bin\jdk-21.0.2\bin;C:\Users\corpa\Downloads\Programs\openjdk-21.0.2_windows-x64_bin\jdk-21.0.2\bin;
USERNAME=corpa
OS=Windows_NT
PROCESSOR_IDENTIFIER=Intel64 Family 6 Model 61 Stepping 4, GenuineIntel
TMP=C:\Users\corpa\AppData\Local\Temp
TEMP=C:\Users\corpa\AppData\Local\Temp




Periodic native trim disabled

---------------  S Y S T E M  ---------------

OS:
 Windows 10 , 64 bit Build 19041 (10.0.19041.3636)
OS uptime: 0 days 0:49 hours
Hyper-V role detected

CPU: total 4 (initial active 4) (2 cores per cpu, 2 threads per core) family 6 model 61 stepping 4 microcode 0x2d, cx8, cmov, fxsr, ht, mmx, 3dnowpref, sse, sse2, sse3, ssse3, sse4.1, sse4.2, popcnt, lzcnt, tsc, tscinvbit, avx, avx2, aes, erms, clmul, bmi1, bmi2, adx, fma, vzeroupper, clflush, hv, rdtscp, f16c
Processor Information for all 4 processors :
  Max Mhz: 2000, Current Mhz: 2000, Mhz Limit: 2000

Memory: 4k page, system-wide physical 8106M (1296M free)
TotalPageFile size 10154M (AvailPageFile size 91M)
current process WorkingSet (physical memory assigned to process): 10M, peak: 10M
current process commit charge ("private bytes"): 51M, peak: 179M

vm_info: OpenJDK 64-Bit Server VM (21.0.2+13-58) for windows-amd64 JRE (21.0.2+13-58), built on 2024-01-05T18:32:24Z by "mach5one" with MS VC++ 17.1 (VS2022)

END.
